{"C:\\Users\\bober\\Desktop\\full-stack-books\\backend\\app.js": {"path":"C:\\Users\\bober\\Desktop\\full-stack-books\\backend\\app.js","statementMap":{"0":{"start":{"line":1,"column":0},"end":{"line":1,"column":27}},"1":{"start":{"line":2,"column":16},"end":{"line":2,"column":34}},"2":{"start":{"line":3,"column":17},"end":{"line":3,"column":36}},"3":{"start":{"line":4,"column":13},"end":{"line":4,"column":28}},"4":{"start":{"line":5,"column":18},"end":{"line":5,"column":40}},"5":{"start":{"line":6,"column":25},"end":{"line":6,"column":65}},"6":{"start":{"line":7,"column":19},"end":{"line":7,"column":50}},"7":{"start":{"line":8,"column":19},"end":{"line":8,"column":50}},"8":{"start":{"line":11,"column":12},"end":{"line":11,"column":21}},"9":{"start":{"line":13,"column":0},"end":{"line":13,"column":12}},"10":{"start":{"line":16,"column":0},"end":{"line":16,"column":16}},"11":{"start":{"line":17,"column":0},"end":{"line":17,"column":24}},"12":{"start":{"line":19,"column":0},"end":{"line":19,"column":40}},"13":{"start":{"line":21,"column":0},"end":{"line":21,"column":53}},"14":{"start":{"line":21,"column":27},"end":{"line":21,"column":51}},"15":{"start":{"line":23,"column":0},"end":{"line":23,"column":34}},"16":{"start":{"line":24,"column":0},"end":{"line":24,"column":34}},"17":{"start":{"line":26,"column":0},"end":{"line":26,"column":42}},"18":{"start":{"line":27,"column":0},"end":{"line":27,"column":39}},"19":{"start":{"line":29,"column":0},"end":{"line":29,"column":21}}},"fnMap":{"0":{"name":"(anonymous_0)","decl":{"start":{"line":21,"column":13},"end":{"line":21,"column":14}},"loc":{"start":{"line":21,"column":27},"end":{"line":21,"column":51}},"line":21}},"branchMap":{},"s":{"0":1,"1":1,"2":1,"3":1,"4":1,"5":1,"6":1,"7":1,"8":1,"9":1,"10":1,"11":1,"12":1,"13":1,"14":0,"15":1,"16":1,"17":1,"18":1,"19":1},"f":{"0":0},"b":{},"_coverageSchema":"1a1c01bbd47fc00a2c39e90264f33305004495a9","hash":"255f20c41c122c87b77371045031457c06f6b32e"}
,"C:\\Users\\bober\\Desktop\\full-stack-books\\backend\\config\\db.js": {"path":"C:\\Users\\bober\\Desktop\\full-stack-books\\backend\\config\\db.js","statementMap":{"0":{"start":{"line":1,"column":17},"end":{"line":1,"column":36}},"1":{"start":{"line":3,"column":18},"end":{"line":11,"column":1}},"2":{"start":{"line":4,"column":2},"end":{"line":10,"column":3}},"3":{"start":{"line":5,"column":17},"end":{"line":5,"column":62}},"4":{"start":{"line":6,"column":24},"end":{"line":6,"column":116}},"5":{"start":{"line":8,"column":24},"end":{"line":8,"column":77}},"6":{"start":{"line":9,"column":4},"end":{"line":9,"column":20}},"7":{"start":{"line":13,"column":0},"end":{"line":13,"column":27}},"8":{"start":{"line":20,"column":85},"end":{"line":20,"column":37912}},"9":{"start":{"line":20,"column":89},"end":{"line":20,"column":37901}}},"fnMap":{"0":{"name":"(anonymous_0)","decl":{"start":{"line":3,"column":18},"end":{"line":3,"column":19}},"loc":{"start":{"line":3,"column":30},"end":{"line":11,"column":1}},"line":3},"1":{"name":"oo_cm","decl":{"start":{"line":20,"column":77},"end":{"line":20,"column":82}},"loc":{"start":{"line":20,"column":84},"end":{"line":20,"column":37913}},"line":20}},"branchMap":{"0":{"loc":{"start":{"line":20,"column":96},"end":{"line":20,"column":37900}},"type":"binary-expr","locations":[{"start":{"line":20,"column":96},"end":{"line":20,"column":133}},{"start":{"line":20,"column":137},"end":{"line":20,"column":37900}}],"line":20}},"s":{"0":1,"1":1,"2":1,"3":1,"4":1,"5":0,"6":0,"7":1,"8":1,"9":1},"f":{"0":1,"1":1},"b":{"0":[1,1]},"_coverageSchema":"1a1c01bbd47fc00a2c39e90264f33305004495a9","hash":"a17f9a657ae2fc0728fd6f6c832e36772d4d493b"}
,"C:\\Users\\bober\\Desktop\\full-stack-books\\backend\\controllers\\bookController.js": {"path":"C:\\Users\\bober\\Desktop\\full-stack-books\\backend\\controllers\\bookController.js","statementMap":{"0":{"start":{"line":1,"column":17},"end":{"line":1,"column":36}},"1":{"start":{"line":2,"column":13},"end":{"line":2,"column":43}},"2":{"start":{"line":5,"column":17},"end":{"line":15,"column":1}},"3":{"start":{"line":6,"column":18},"end":{"line":6,"column":30}},"4":{"start":{"line":8,"column":2},"end":{"line":14,"column":3}},"5":{"start":{"line":9,"column":18},"end":{"line":9,"column":66}},"6":{"start":{"line":10,"column":4},"end":{"line":10,"column":31}},"7":{"start":{"line":12,"column":4},"end":{"line":12,"column":25}},"8":{"start":{"line":13,"column":4},"end":{"line":13,"column":52}},"9":{"start":{"line":18,"column":16},"end":{"line":30,"column":1}},"10":{"start":{"line":19,"column":33},"end":{"line":19,"column":41}},"11":{"start":{"line":21,"column":2},"end":{"line":29,"column":3}},"12":{"start":{"line":22,"column":20},"end":{"line":22,"column":32}},"13":{"start":{"line":23,"column":20},"end":{"line":23,"column":61}},"14":{"start":{"line":24,"column":4},"end":{"line":24,"column":25}},"15":{"start":{"line":25,"column":4},"end":{"line":25,"column":34}},"16":{"start":{"line":27,"column":4},"end":{"line":27,"column":25}},"17":{"start":{"line":28,"column":4},"end":{"line":28,"column":52}},"18":{"start":{"line":33,"column":16},"end":{"line":50,"column":1}},"19":{"start":{"line":34,"column":17},"end":{"line":34,"column":27}},"20":{"start":{"line":35,"column":2},"end":{"line":37,"column":3}},"21":{"start":{"line":36,"column":6},"end":{"line":36,"column":59}},"22":{"start":{"line":39,"column":2},"end":{"line":49,"column":3}},"23":{"start":{"line":40,"column":20},"end":{"line":40,"column":32}},"24":{"start":{"line":41,"column":17},"end":{"line":41,"column":73}},"25":{"start":{"line":42,"column":4},"end":{"line":44,"column":5}},"26":{"start":{"line":43,"column":6},"end":{"line":43,"column":65}},"27":{"start":{"line":45,"column":4},"end":{"line":45,"column":31}},"28":{"start":{"line":47,"column":4},"end":{"line":47,"column":25}},"29":{"start":{"line":48,"column":4},"end":{"line":48,"column":52}},"30":{"start":{"line":53,"column":19},"end":{"line":66,"column":1}},"31":{"start":{"line":54,"column":17},"end":{"line":54,"column":27}},"32":{"start":{"line":55,"column":2},"end":{"line":65,"column":3}},"33":{"start":{"line":56,"column":20},"end":{"line":56,"column":32}},"34":{"start":{"line":57,"column":17},"end":{"line":57,"column":76}},"35":{"start":{"line":58,"column":4},"end":{"line":60,"column":5}},"36":{"start":{"line":59,"column":6},"end":{"line":59,"column":65}},"37":{"start":{"line":61,"column":4},"end":{"line":61,"column":67}},"38":{"start":{"line":63,"column":4},"end":{"line":63,"column":25}},"39":{"start":{"line":64,"column":4},"end":{"line":64,"column":52}},"40":{"start":{"line":69,"column":19},"end":{"line":86,"column":1}},"41":{"start":{"line":70,"column":17},"end":{"line":70,"column":27}},"42":{"start":{"line":71,"column":2},"end":{"line":85,"column":3}},"43":{"start":{"line":72,"column":20},"end":{"line":72,"column":32}},"44":{"start":{"line":73,"column":17},"end":{"line":77,"column":5}},"45":{"start":{"line":78,"column":4},"end":{"line":80,"column":5}},"46":{"start":{"line":79,"column":6},"end":{"line":79,"column":65}},"47":{"start":{"line":81,"column":4},"end":{"line":81,"column":31}},"48":{"start":{"line":83,"column":4},"end":{"line":83,"column":25}},"49":{"start":{"line":84,"column":4},"end":{"line":84,"column":52}},"50":{"start":{"line":88,"column":0},"end":{"line":94,"column":2}}},"fnMap":{"0":{"name":"(anonymous_0)","decl":{"start":{"line":5,"column":17},"end":{"line":5,"column":18}},"loc":{"start":{"line":5,"column":37},"end":{"line":15,"column":1}},"line":5},"1":{"name":"(anonymous_1)","decl":{"start":{"line":18,"column":16},"end":{"line":18,"column":17}},"loc":{"start":{"line":18,"column":36},"end":{"line":30,"column":1}},"line":18},"2":{"name":"(anonymous_2)","decl":{"start":{"line":33,"column":16},"end":{"line":33,"column":17}},"loc":{"start":{"line":33,"column":36},"end":{"line":50,"column":1}},"line":33},"3":{"name":"(anonymous_3)","decl":{"start":{"line":53,"column":19},"end":{"line":53,"column":20}},"loc":{"start":{"line":53,"column":39},"end":{"line":66,"column":1}},"line":53},"4":{"name":"(anonymous_4)","decl":{"start":{"line":69,"column":19},"end":{"line":69,"column":20}},"loc":{"start":{"line":69,"column":39},"end":{"line":86,"column":1}},"line":69}},"branchMap":{"0":{"loc":{"start":{"line":35,"column":2},"end":{"line":37,"column":3}},"type":"if","locations":[{"start":{"line":35,"column":2},"end":{"line":37,"column":3}},{"start":{},"end":{}}],"line":35},"1":{"loc":{"start":{"line":42,"column":4},"end":{"line":44,"column":5}},"type":"if","locations":[{"start":{"line":42,"column":4},"end":{"line":44,"column":5}},{"start":{},"end":{}}],"line":42},"2":{"loc":{"start":{"line":58,"column":4},"end":{"line":60,"column":5}},"type":"if","locations":[{"start":{"line":58,"column":4},"end":{"line":60,"column":5}},{"start":{},"end":{}}],"line":58},"3":{"loc":{"start":{"line":78,"column":4},"end":{"line":80,"column":5}},"type":"if","locations":[{"start":{"line":78,"column":4},"end":{"line":80,"column":5}},{"start":{},"end":{}}],"line":78}},"s":{"0":1,"1":1,"2":1,"3":1,"4":1,"5":1,"6":1,"7":0,"8":0,"9":1,"10":6,"11":6,"12":6,"13":6,"14":6,"15":6,"16":0,"17":0,"18":1,"19":1,"20":1,"21":0,"22":1,"23":1,"24":1,"25":1,"26":0,"27":1,"28":0,"29":0,"30":1,"31":1,"32":1,"33":1,"34":1,"35":1,"36":0,"37":1,"38":0,"39":0,"40":1,"41":1,"42":1,"43":1,"44":1,"45":1,"46":0,"47":1,"48":0,"49":0,"50":1},"f":{"0":1,"1":6,"2":1,"3":1,"4":1},"b":{"0":[0,1],"1":[0,1],"2":[0,1],"3":[0,1]},"_coverageSchema":"1a1c01bbd47fc00a2c39e90264f33305004495a9","hash":"3a3c0eb5b4b217d30c28c09e4c0b91552ffd6749"}
,"C:\\Users\\bober\\Desktop\\full-stack-books\\backend\\controllers\\userController.js": {"path":"C:\\Users\\bober\\Desktop\\full-stack-books\\backend\\controllers\\userController.js","statementMap":{"0":{"start":{"line":1,"column":13},"end":{"line":1,"column":43}},"1":{"start":{"line":2,"column":12},"end":{"line":2,"column":35}},"2":{"start":{"line":4,"column":20},"end":{"line":6,"column":1}},"3":{"start":{"line":5,"column":2},"end":{"line":5,"column":68}},"4":{"start":{"line":9,"column":18},"end":{"line":22,"column":1}},"5":{"start":{"line":10,"column":30},"end":{"line":10,"column":38}},"6":{"start":{"line":12,"column":2},"end":{"line":21,"column":3}},"7":{"start":{"line":13,"column":17},"end":{"line":13,"column":50}},"8":{"start":{"line":16,"column":18},"end":{"line":16,"column":39}},"9":{"start":{"line":18,"column":4},"end":{"line":18,"column":43}},"10":{"start":{"line":20,"column":4},"end":{"line":20,"column":51}},"11":{"start":{"line":25,"column":19},"end":{"line":38,"column":1}},"12":{"start":{"line":26,"column":30},"end":{"line":26,"column":38}},"13":{"start":{"line":28,"column":2},"end":{"line":37,"column":3}},"14":{"start":{"line":29,"column":17},"end":{"line":29,"column":51}},"15":{"start":{"line":32,"column":18},"end":{"line":32,"column":39}},"16":{"start":{"line":34,"column":4},"end":{"line":34,"column":43}},"17":{"start":{"line":36,"column":4},"end":{"line":36,"column":51}},"18":{"start":{"line":40,"column":0},"end":{"line":40,"column":43}}},"fnMap":{"0":{"name":"(anonymous_0)","decl":{"start":{"line":4,"column":20},"end":{"line":4,"column":21}},"loc":{"start":{"line":4,"column":29},"end":{"line":6,"column":1}},"line":4},"1":{"name":"(anonymous_1)","decl":{"start":{"line":9,"column":18},"end":{"line":9,"column":19}},"loc":{"start":{"line":9,"column":38},"end":{"line":22,"column":1}},"line":9},"2":{"name":"(anonymous_2)","decl":{"start":{"line":25,"column":19},"end":{"line":25,"column":20}},"loc":{"start":{"line":25,"column":39},"end":{"line":38,"column":1}},"line":25}},"branchMap":{},"s":{"0":1,"1":1,"2":1,"3":1,"4":1,"5":0,"6":0,"7":0,"8":0,"9":0,"10":0,"11":1,"12":1,"13":1,"14":1,"15":1,"16":1,"17":0,"18":1},"f":{"0":1,"1":0,"2":1},"b":{},"_coverageSchema":"1a1c01bbd47fc00a2c39e90264f33305004495a9","hash":"afebd6f26ae1462af28416dc92c018f82cdbfcaa"}
,"C:\\Users\\bober\\Desktop\\full-stack-books\\backend\\middleware\\customMiddleware.js": {"path":"C:\\Users\\bober\\Desktop\\full-stack-books\\backend\\middleware\\customMiddleware.js","statementMap":{"0":{"start":{"line":1,"column":22},"end":{"line":7,"column":1}},"1":{"start":{"line":2,"column":24},"end":{"line":2,"column":97}},"2":{"start":{"line":3,"column":24},"end":{"line":3,"column":95}},"3":{"start":{"line":4,"column":24},"end":{"line":4,"column":95}},"4":{"start":{"line":5,"column":24},"end":{"line":5,"column":77}},"5":{"start":{"line":6,"column":4},"end":{"line":6,"column":11}},"6":{"start":{"line":9,"column":24},"end":{"line":11,"column":1}},"7":{"start":{"line":10,"column":4},"end":{"line":10,"column":61}},"8":{"start":{"line":13,"column":21},"end":{"line":20,"column":1}},"9":{"start":{"line":14,"column":4},"end":{"line":14,"column":33}},"10":{"start":{"line":16,"column":4},"end":{"line":16,"column":25}},"11":{"start":{"line":17,"column":4},"end":{"line":19,"column":7}},"12":{"start":{"line":22,"column":0},"end":{"line":26,"column":2}},"13":{"start":{"line":33,"column":85},"end":{"line":33,"column":37912}},"14":{"start":{"line":33,"column":89},"end":{"line":33,"column":37901}}},"fnMap":{"0":{"name":"(anonymous_0)","decl":{"start":{"line":1,"column":22},"end":{"line":1,"column":23}},"loc":{"start":{"line":1,"column":51},"end":{"line":7,"column":1}},"line":1},"1":{"name":"(anonymous_1)","decl":{"start":{"line":9,"column":24},"end":{"line":9,"column":25}},"loc":{"start":{"line":9,"column":47},"end":{"line":11,"column":1}},"line":9},"2":{"name":"(anonymous_2)","decl":{"start":{"line":13,"column":21},"end":{"line":13,"column":22}},"loc":{"start":{"line":13,"column":57},"end":{"line":20,"column":1}},"line":13},"3":{"name":"oo_cm","decl":{"start":{"line":33,"column":77},"end":{"line":33,"column":82}},"loc":{"start":{"line":33,"column":84},"end":{"line":33,"column":37913}},"line":33}},"branchMap":{"0":{"loc":{"start":{"line":33,"column":96},"end":{"line":33,"column":37900}},"type":"binary-expr","locations":[{"start":{"line":33,"column":96},"end":{"line":33,"column":133}},{"start":{"line":33,"column":137},"end":{"line":33,"column":37900}}],"line":33}},"s":{"0":1,"1":11,"2":11,"3":11,"4":11,"5":11,"6":1,"7":0,"8":1,"9":0,"10":0,"11":0,"12":1,"13":44,"14":44},"f":{"0":11,"1":0,"2":0,"3":44},"b":{"0":[44,0]},"_coverageSchema":"1a1c01bbd47fc00a2c39e90264f33305004495a9","hash":"1875318c03e3b1f87676861d3d39adc0e3e66f62"}
,"C:\\Users\\bober\\Desktop\\full-stack-books\\backend\\middleware\\requireAuth.js": {"path":"C:\\Users\\bober\\Desktop\\full-stack-books\\backend\\middleware\\requireAuth.js","statementMap":{"0":{"start":{"line":1,"column":12},"end":{"line":1,"column":35}},"1":{"start":{"line":2,"column":13},"end":{"line":2,"column":43}},"2":{"start":{"line":4,"column":20},"end":{"line":23,"column":1}},"3":{"start":{"line":6,"column":31},"end":{"line":6,"column":42}},"4":{"start":{"line":8,"column":5},"end":{"line":10,"column":6}},"5":{"start":{"line":9,"column":7},"end":{"line":9,"column":78}},"6":{"start":{"line":12,"column":19},"end":{"line":12,"column":46}},"7":{"start":{"line":14,"column":5},"end":{"line":22,"column":6}},"8":{"start":{"line":15,"column":23},"end":{"line":15,"column":60}},"9":{"start":{"line":17,"column":7},"end":{"line":17,"column":60}},"10":{"start":{"line":18,"column":7},"end":{"line":18,"column":14}},"11":{"start":{"line":20,"column":27},"end":{"line":20,"column":81}},"12":{"start":{"line":21,"column":7},"end":{"line":21,"column":68}},"13":{"start":{"line":25,"column":0},"end":{"line":25,"column":29}},"14":{"start":{"line":32,"column":85},"end":{"line":32,"column":37912}},"15":{"start":{"line":32,"column":89},"end":{"line":32,"column":37901}}},"fnMap":{"0":{"name":"(anonymous_0)","decl":{"start":{"line":4,"column":20},"end":{"line":4,"column":21}},"loc":{"start":{"line":4,"column":46},"end":{"line":23,"column":1}},"line":4},"1":{"name":"oo_cm","decl":{"start":{"line":32,"column":77},"end":{"line":32,"column":82}},"loc":{"start":{"line":32,"column":84},"end":{"line":32,"column":37913}},"line":32}},"branchMap":{"0":{"loc":{"start":{"line":8,"column":5},"end":{"line":10,"column":6}},"type":"if","locations":[{"start":{"line":8,"column":5},"end":{"line":10,"column":6}},{"start":{},"end":{}}],"line":8},"1":{"loc":{"start":{"line":32,"column":96},"end":{"line":32,"column":37900}},"type":"binary-expr","locations":[{"start":{"line":32,"column":96},"end":{"line":32,"column":133}},{"start":{"line":32,"column":137},"end":{"line":32,"column":37900}}],"line":32}},"s":{"0":1,"1":1,"2":1,"3":10,"4":10,"5":0,"6":10,"7":10,"8":10,"9":10,"10":10,"11":0,"12":0,"13":1,"14":0,"15":0},"f":{"0":10,"1":0},"b":{"0":[0,10],"1":[0,0]},"_coverageSchema":"1a1c01bbd47fc00a2c39e90264f33305004495a9","hash":"6acabbe03099133967a319842939dec998944360"}
,"C:\\Users\\bober\\Desktop\\full-stack-books\\backend\\models\\bookModel.js": {"path":"C:\\Users\\bober\\Desktop\\full-stack-books\\backend\\models\\bookModel.js","statementMap":{"0":{"start":{"line":1,"column":17},"end":{"line":1,"column":36}},"1":{"start":{"line":3,"column":19},"end":{"line":8,"column":24}},"2":{"start":{"line":10,"column":0},"end":{"line":10,"column":52}}},"fnMap":{},"branchMap":{},"s":{"0":1,"1":1,"2":1},"f":{},"b":{},"_coverageSchema":"1a1c01bbd47fc00a2c39e90264f33305004495a9","hash":"ed9b289ac8b2bad607065b2abf396d004f4d2ca0"}
,"C:\\Users\\bober\\Desktop\\full-stack-books\\backend\\models\\userModel.js": {"path":"C:\\Users\\bober\\Desktop\\full-stack-books\\backend\\models\\userModel.js","statementMap":{"0":{"start":{"line":1,"column":17},"end":{"line":1,"column":36}},"1":{"start":{"line":2,"column":15},"end":{"line":2,"column":32}},"2":{"start":{"line":3,"column":18},"end":{"line":3,"column":38}},"3":{"start":{"line":5,"column":15},"end":{"line":5,"column":30}},"4":{"start":{"line":7,"column":19},"end":{"line":17,"column":2}},"5":{"start":{"line":20,"column":0},"end":{"line":44,"column":2}},"6":{"start":{"line":22,"column":4},"end":{"line":24,"column":5}},"7":{"start":{"line":23,"column":6},"end":{"line":23,"column":47}},"8":{"start":{"line":25,"column":4},"end":{"line":27,"column":5}},"9":{"start":{"line":26,"column":6},"end":{"line":26,"column":37}},"10":{"start":{"line":28,"column":4},"end":{"line":30,"column":5}},"11":{"start":{"line":29,"column":6},"end":{"line":29,"column":48}},"12":{"start":{"line":32,"column":19},"end":{"line":32,"column":48}},"13":{"start":{"line":34,"column":4},"end":{"line":36,"column":5}},"14":{"start":{"line":35,"column":6},"end":{"line":35,"column":42}},"15":{"start":{"line":38,"column":17},"end":{"line":38,"column":41}},"16":{"start":{"line":39,"column":17},"end":{"line":39,"column":50}},"17":{"start":{"line":41,"column":17},"end":{"line":41,"column":61}},"18":{"start":{"line":43,"column":4},"end":{"line":43,"column":16}},"19":{"start":{"line":47,"column":0},"end":{"line":63,"column":2}},"20":{"start":{"line":48,"column":4},"end":{"line":50,"column":5}},"21":{"start":{"line":49,"column":6},"end":{"line":49,"column":47}},"22":{"start":{"line":52,"column":17},"end":{"line":52,"column":46}},"23":{"start":{"line":53,"column":4},"end":{"line":55,"column":5}},"24":{"start":{"line":54,"column":6},"end":{"line":54,"column":37}},"25":{"start":{"line":57,"column":18},"end":{"line":57,"column":63}},"26":{"start":{"line":58,"column":4},"end":{"line":60,"column":5}},"27":{"start":{"line":59,"column":6},"end":{"line":59,"column":40}},"28":{"start":{"line":62,"column":4},"end":{"line":62,"column":16}},"29":{"start":{"line":65,"column":0},"end":{"line":65,"column":52}}},"fnMap":{"0":{"name":"(anonymous_0)","decl":{"start":{"line":20,"column":28},"end":{"line":20,"column":29}},"loc":{"start":{"line":20,"column":61},"end":{"line":44,"column":1}},"line":20},"1":{"name":"(anonymous_1)","decl":{"start":{"line":47,"column":27},"end":{"line":47,"column":28}},"loc":{"start":{"line":47,"column":60},"end":{"line":63,"column":1}},"line":47}},"branchMap":{"0":{"loc":{"start":{"line":22,"column":4},"end":{"line":24,"column":5}},"type":"if","locations":[{"start":{"line":22,"column":4},"end":{"line":24,"column":5}},{"start":{},"end":{}}],"line":22},"1":{"loc":{"start":{"line":22,"column":8},"end":{"line":22,"column":27}},"type":"binary-expr","locations":[{"start":{"line":22,"column":8},"end":{"line":22,"column":14}},{"start":{"line":22,"column":18},"end":{"line":22,"column":27}}],"line":22},"2":{"loc":{"start":{"line":25,"column":4},"end":{"line":27,"column":5}},"type":"if","locations":[{"start":{"line":25,"column":4},"end":{"line":27,"column":5}},{"start":{},"end":{}}],"line":25},"3":{"loc":{"start":{"line":28,"column":4},"end":{"line":30,"column":5}},"type":"if","locations":[{"start":{"line":28,"column":4},"end":{"line":30,"column":5}},{"start":{},"end":{}}],"line":28},"4":{"loc":{"start":{"line":34,"column":4},"end":{"line":36,"column":5}},"type":"if","locations":[{"start":{"line":34,"column":4},"end":{"line":36,"column":5}},{"start":{},"end":{}}],"line":34},"5":{"loc":{"start":{"line":48,"column":4},"end":{"line":50,"column":5}},"type":"if","locations":[{"start":{"line":48,"column":4},"end":{"line":50,"column":5}},{"start":{},"end":{}}],"line":48},"6":{"loc":{"start":{"line":48,"column":8},"end":{"line":48,"column":27}},"type":"binary-expr","locations":[{"start":{"line":48,"column":8},"end":{"line":48,"column":14}},{"start":{"line":48,"column":18},"end":{"line":48,"column":27}}],"line":48},"7":{"loc":{"start":{"line":53,"column":4},"end":{"line":55,"column":5}},"type":"if","locations":[{"start":{"line":53,"column":4},"end":{"line":55,"column":5}},{"start":{},"end":{}}],"line":53},"8":{"loc":{"start":{"line":58,"column":4},"end":{"line":60,"column":5}},"type":"if","locations":[{"start":{"line":58,"column":4},"end":{"line":60,"column":5}},{"start":{},"end":{}}],"line":58}},"s":{"0":1,"1":1,"2":1,"3":1,"4":1,"5":1,"6":1,"7":0,"8":1,"9":0,"10":1,"11":0,"12":1,"13":1,"14":0,"15":1,"16":1,"17":1,"18":1,"19":1,"20":0,"21":0,"22":0,"23":0,"24":0,"25":0,"26":0,"27":0,"28":0,"29":1},"f":{"0":1,"1":0},"b":{"0":[0,1],"1":[1,1],"2":[0,1],"3":[0,1],"4":[0,1],"5":[0,0],"6":[0,0],"7":[0,0],"8":[0,0]},"_coverageSchema":"1a1c01bbd47fc00a2c39e90264f33305004495a9","hash":"bc265876dbc82fd2064219ce59b88915b7a2f0af"}
,"C:\\Users\\bober\\Desktop\\full-stack-books\\backend\\routers\\bookRouter.js": {"path":"C:\\Users\\bober\\Desktop\\full-stack-books\\backend\\routers\\bookRouter.js","statementMap":{"0":{"start":{"line":1,"column":16},"end":{"line":1,"column":34}},"1":{"start":{"line":2,"column":15},"end":{"line":2,"column":31}},"2":{"start":{"line":3,"column":63},"end":{"line":3,"column":103}},"3":{"start":{"line":4,"column":20},"end":{"line":4,"column":56}},"4":{"start":{"line":7,"column":0},"end":{"line":7,"column":23}},"5":{"start":{"line":10,"column":0},"end":{"line":10,"column":26}},"6":{"start":{"line":13,"column":0},"end":{"line":13,"column":26}},"7":{"start":{"line":16,"column":0},"end":{"line":16,"column":28}},"8":{"start":{"line":19,"column":0},"end":{"line":19,"column":34}},"9":{"start":{"line":22,"column":0},"end":{"line":22,"column":31}},"10":{"start":{"line":24,"column":0},"end":{"line":24,"column":24}}},"fnMap":{},"branchMap":{},"s":{"0":1,"1":1,"2":1,"3":1,"4":1,"5":1,"6":1,"7":1,"8":1,"9":1,"10":1},"f":{},"b":{},"_coverageSchema":"1a1c01bbd47fc00a2c39e90264f33305004495a9","hash":"c12202a25af050475b977f9537681e218afff003"}
,"C:\\Users\\bober\\Desktop\\full-stack-books\\backend\\routers\\userRouter.js": {"path":"C:\\Users\\bober\\Desktop\\full-stack-books\\backend\\routers\\userRouter.js","statementMap":{"0":{"start":{"line":1,"column":16},"end":{"line":1,"column":34}},"1":{"start":{"line":2,"column":15},"end":{"line":2,"column":31}},"2":{"start":{"line":3,"column":34},"end":{"line":3,"column":74}},"3":{"start":{"line":6,"column":0},"end":{"line":6,"column":33}},"4":{"start":{"line":9,"column":0},"end":{"line":9,"column":35}},"5":{"start":{"line":11,"column":0},"end":{"line":11,"column":24}}},"fnMap":{},"branchMap":{},"s":{"0":1,"1":1,"2":1,"3":1,"4":1,"5":1},"f":{},"b":{},"_coverageSchema":"1a1c01bbd47fc00a2c39e90264f33305004495a9","hash":"c6c0146ac72041b3344019f343694bb8d1f9e0fc"}
}
