TN:
SF:app.js
FN:21,(anonymous_0)
FNF:1
FNH:0
FNDA:0,(anonymous_0)
DA:1,2
DA:2,2
DA:3,2
DA:4,2
DA:5,2
DA:6,2
DA:7,2
DA:8,2
DA:11,2
DA:13,2
DA:16,2
DA:17,2
DA:19,2
DA:21,2
DA:23,2
DA:24,2
DA:26,2
DA:27,2
DA:29,2
LF:19
LH:19
BRF:0
BRH:0
end_of_record
TN:
SF:config\db.js
FN:3,(anonymous_0)
FN:20,oo_cm
FNF:2
FNH:2
FNDA:2,(anonymous_0)
FNDA:2,oo_cm
DA:1,2
DA:3,2
DA:4,2
DA:5,2
DA:6,2
DA:8,0
DA:9,0
DA:13,2
DA:20,2
LF:9
LH:7
BRDA:20,0,0,2
BRDA:20,0,1,2
BRF:2
BRH:2
end_of_record
TN:
SF:controllers\locationController.js
FN:5,(anonymous_0)
FN:18,(anonymous_1)
FN:32,(anonymous_2)
FN:46,(anonymous_3)
FN:60,(anonymous_4)
FNF:5
FNH:5
FNDA:1,(anonymous_0)
FNDA:11,(anonymous_1)
FNDA:1,(anonymous_2)
FNDA:1,(anonymous_3)
FNDA:1,(anonymous_4)
DA:1,2
DA:2,2
DA:5,2
DA:6,1
DA:8,1
DA:9,1
DA:10,1
DA:12,0
DA:13,0
DA:18,2
DA:19,11
DA:21,11
DA:22,11
DA:23,11
DA:24,11
DA:25,11
DA:27,0
DA:28,0
DA:32,2
DA:33,1
DA:34,1
DA:35,1
DA:36,1
DA:37,0
DA:39,1
DA:41,0
DA:42,0
DA:46,2
DA:47,1
DA:48,1
DA:49,1
DA:50,1
DA:51,0
DA:53,1
DA:55,0
DA:56,0
DA:60,2
DA:61,1
DA:62,1
DA:63,1
DA:64,1
DA:65,0
DA:67,1
DA:69,0
DA:70,0
DA:75,2
LF:46
LH:33
BRDA:36,0,0,0
BRDA:36,0,1,1
BRDA:50,1,0,0
BRDA:50,1,1,1
BRDA:64,2,0,0
BRDA:64,2,1,1
BRF:6
BRH:3
end_of_record
TN:
SF:controllers\userController.js
FN:4,(anonymous_0)
FN:8,(anonymous_1)
FN:31,(anonymous_2)
FNF:3
FNH:3
FNDA:2,(anonymous_0)
FNDA:2,(anonymous_1)
FNDA:3,(anonymous_2)
DA:1,2
DA:2,2
DA:4,2
DA:5,2
DA:8,2
DA:9,2
DA:11,2
DA:12,2
DA:13,0
DA:16,2
DA:18,2
DA:19,0
DA:23,0
DA:25,0
DA:27,2
DA:31,2
DA:32,3
DA:34,3
DA:35,3
DA:36,0
DA:40,3
DA:41,3
DA:42,1
DA:46,2
DA:56,2
DA:59,2
DA:62,2
DA:65,0
DA:69,2
LF:29
LH:23
BRDA:12,0,0,0
BRDA:12,0,1,2
BRDA:12,1,0,2
BRDA:12,1,1,2
BRDA:18,2,0,0
BRDA:18,2,1,0
BRDA:18,3,0,2
BRDA:18,3,1,2
BRDA:35,4,0,0
BRDA:35,4,1,3
BRDA:35,5,0,3
BRDA:35,5,1,3
BRDA:41,6,0,1
BRDA:41,6,1,2
BRF:14
BRH:10
end_of_record
TN:
SF:middleware\customMiddleware.js
FN:1,(anonymous_0)
FN:9,(anonymous_1)
FN:13,(anonymous_2)
FN:33,oo_cm
FNF:4
FNH:2
FNDA:20,(anonymous_0)
FNDA:0,(anonymous_1)
FNDA:0,(anonymous_2)
FNDA:80,oo_cm
DA:1,2
DA:2,20
DA:3,20
DA:4,20
DA:5,20
DA:6,20
DA:9,2
DA:10,0
DA:13,2
DA:14,0
DA:16,0
DA:22,2
DA:33,80
LF:13
LH:10
BRDA:33,0,0,80
BRDA:33,0,1,0
BRF:2
BRH:1
end_of_record
TN:
SF:middleware\requireAuth.js
FN:4,(anonymous_0)
FN:32,oo_cm
FNF:2
FNH:1
FNDA:15,(anonymous_0)
FNDA:0,oo_cm
DA:1,2
DA:2,2
DA:4,2
DA:6,15
DA:8,15
DA:9,0
DA:12,15
DA:14,15
DA:15,15
DA:17,15
DA:18,15
DA:20,0
DA:21,0
DA:25,2
DA:32,0
LF:15
LH:11
BRDA:8,0,0,0
BRDA:8,0,1,15
BRDA:32,1,0,0
BRDA:32,1,1,0
BRF:4
BRH:1
end_of_record
TN:
SF:models\locationModel.js
FNF:0
FNH:0
DA:1,2
DA:3,2
DA:10,2
LF:3
LH:3
BRF:0
BRH:0
end_of_record
TN:
SF:models\userModel.js
FN:24,(anonymous_0)
FN:51,(anonymous_1)
FNF:2
FNH:0
FNDA:0,(anonymous_0)
FNDA:0,(anonymous_1)
DA:1,2
DA:2,2
DA:3,2
DA:5,2
DA:7,2
DA:24,2
DA:26,0
DA:27,0
DA:29,0
DA:30,0
DA:32,0
DA:33,0
DA:36,0
DA:38,0
DA:39,0
DA:42,0
DA:43,0
DA:45,0
DA:47,0
DA:51,2
DA:52,0
DA:53,0
DA:56,0
DA:57,0
DA:58,0
DA:61,0
DA:62,0
DA:63,0
DA:66,0
DA:69,2
LF:30
LH:8
BRDA:26,0,0,0
BRDA:26,0,1,0
BRDA:26,1,0,0
BRDA:26,1,1,0
BRDA:29,2,0,0
BRDA:29,2,1,0
BRDA:32,3,0,0
BRDA:32,3,1,0
BRDA:38,4,0,0
BRDA:38,4,1,0
BRDA:52,5,0,0
BRDA:52,5,1,0
BRDA:52,6,0,0
BRDA:52,6,1,0
BRDA:57,7,0,0
BRDA:57,7,1,0
BRDA:62,8,0,0
BRDA:62,8,1,0
BRF:18
BRH:0
end_of_record
TN:
SF:routers\locationRouter.js
FNF:0
FNH:0
DA:1,2
DA:2,2
DA:3,2
DA:4,2
DA:7,2
DA:10,2
DA:13,2
DA:16,2
DA:19,2
DA:22,2
DA:24,2
LF:11
LH:11
BRF:0
BRH:0
end_of_record
TN:
SF:routers\userRouter.js
FNF:0
FNH:0
DA:1,2
DA:2,2
DA:3,2
DA:6,2
DA:9,2
DA:11,2
LF:6
LH:6
BRF:0
BRH:0
end_of_record
